<?xml version="1.0" encoding="UTF-8"?>
<testng-results total="2" passed="2" failed="0" skipped="0">
  <reporter-output>
  </reporter-output>
  <suite started-at="2020-06-08T12:46:54Z" name="Parallel Search Test Suite" finished-at="2020-06-08T12:47:26Z" duration-ms="32762">
    <groups>
    </groups>
    <test started-at="2020-06-08T12:46:54Z" name="Search" finished-at="2020-06-08T12:47:26Z" duration-ms="32762">
      <class name="com.coursera.test.SearchTest">
        <test-method is-config="true" signature="createDriver()[pri:0, instance:com.coursera.test.SearchTest@a3d8174]" started-at="2020-06-08T18:16:54Z" name="createDriver" finished-at="2020-06-08T18:17:02Z" duration-ms="8813" status="PASS">
          <reporter-output>
          </reporter-output>
        </test-method> <!-- createDriver -->
        <test-method signature="rightSearch()[pri:0, instance:com.coursera.test.SearchTest@a3d8174]" started-at="2020-06-08T18:17:02Z" name="rightSearch" finished-at="2020-06-08T18:17:15Z" duration-ms="12406" status="PASS">
          <reporter-output>
          </reporter-output>
        </test-method> <!-- rightSearch -->
        <test-method signature="wrongSearch()[pri:0, instance:com.coursera.test.SearchTest@a3d8174]" started-at="2020-06-08T18:17:15Z" name="wrongSearch" finished-at="2020-06-08T18:17:26Z" duration-ms="11312" status="PASS">
          <reporter-output>
          </reporter-output>
        </test-method> <!-- wrongSearch -->
        <test-method is-config="true" signature="closeDriver()[pri:0, instance:com.coursera.test.SearchTest@a3d8174]" started-at="2020-06-08T18:17:26Z" name="closeDriver" finished-at="2020-06-08T18:17:26Z" duration-ms="217" status="PASS">
          <reporter-output>
          </reporter-output>
        </test-method> <!-- closeDriver -->
      </class> <!-- com.coursera.test.SearchTest -->
    </test> <!-- Search -->
  </suite> <!-- Parallel Search Test Suite -->
</testng-results>
