<?xml version="1.0" encoding="UTF-8"?>
<testng-results total="1" passed="1" failed="0" skipped="0">
  <reporter-output>
  </reporter-output>
  <suite started-at="2020-05-23T13:06:34Z" name="Default suite" finished-at="2020-05-23T13:06:34Z" duration-ms="26">
    <groups>
    </groups>
    <test started-at="2020-05-23T13:06:34Z" name="Default test" finished-at="2020-05-23T13:06:34Z" duration-ms="26">
      <class name="com.coursera.test.AppTest">
        <test-method signature="shouldAnswerWithTrue()[pri:0, instance:com.coursera.test.AppTest@14555e0a]" started-at="2020-05-23T18:36:34Z" name="shouldAnswerWithTrue" finished-at="2020-05-23T18:36:34Z" duration-ms="11" status="PASS">
          <reporter-output>
          </reporter-output>
        </test-method> <!-- shouldAnswerWithTrue -->
      </class> <!-- com.coursera.test.AppTest -->
    </test> <!-- Default test -->
  </suite> <!-- Default suite -->
</testng-results>
