<?xml version="1.0" encoding="UTF-8"?>
<testng-results total="1" passed="1" failed="0" skipped="0">
  <reporter-output>
  </reporter-output>
  <suite started-at="2020-05-26T11:54:54Z" name="Default suite" finished-at="2020-05-26T11:55:17Z" duration-ms="22892">
    <groups>
    </groups>
    <test started-at="2020-05-26T11:54:54Z" name="Default test" finished-at="2020-05-26T11:55:17Z" duration-ms="22892">
      <class name="com.coursera.test.AppTest">
        <test-method signature="shouldAnswerWithTrue()[pri:0, instance:com.coursera.test.AppTest@3e84448c]" started-at="2020-05-26T17:24:54Z" name="shouldAnswerWithTrue" finished-at="2020-05-26T17:25:17Z" duration-ms="22867" status="PASS">
          <reporter-output>
          </reporter-output>
        </test-method> <!-- shouldAnswerWithTrue -->
      </class> <!-- com.coursera.test.AppTest -->
    </test> <!-- Default test -->
  </suite> <!-- Default suite -->
</testng-results>
